<?xml version="1.0" encoding="UTF-8"?>
<testng-results skipped="0" failed="1" ignored="0" total="11" passed="10">
  <reporter-output>
  </reporter-output>
  <suite name="Suite" duration-ms="671342" started-at="2018-10-03T07:06:15Z" finished-at="2018-10-03T07:17:26Z">
    <groups>
    </groups>
    <test name="Test" duration-ms="671342" started-at="2018-10-03T07:06:15Z" finished-at="2018-10-03T07:17:26Z">
      <class name="Script.Forgotten">
        <test-method status="PASS" signature="openapp()[pri:0, instance:Script.Forgotten@7aecef]" name="openapp" is-config="true" duration-ms="14005" started-at="2018-10-03T07:11:35Z" finished-at="2018-10-03T07:11:49Z">
          <reporter-output>
          </reporter-output>
        </test-method> <!-- openapp -->
        <test-method status="PASS" signature="forgotten()[pri:0, instance:Script.Forgotten@7aecef]" name="forgotten" duration-ms="41172" started-at="2018-10-03T07:11:49Z" finished-at="2018-10-03T07:12:30Z">
          <reporter-output>
          </reporter-output>
        </test-method> <!-- forgotten -->
      </class> <!-- Script.Forgotten -->
      <class name="Script.Filter">
        <test-method status="PASS" signature="openapp()[pri:0, instance:Script.Filter@1fc5fb8]" name="openapp" is-config="true" duration-ms="36126" started-at="2018-10-03T07:10:14Z" finished-at="2018-10-03T07:10:50Z">
          <reporter-output>
          </reporter-output>
        </test-method> <!-- openapp -->
        <test-method status="PASS" signature="filter()[pri:0, instance:Script.Filter@1fc5fb8]" name="filter" duration-ms="44653" started-at="2018-10-03T07:10:50Z" finished-at="2018-10-03T07:11:35Z">
          <reporter-output>
          </reporter-output>
        </test-method> <!-- filter -->
      </class> <!-- Script.Filter -->
      <class name="Script.Mensmenu">
        <test-method status="PASS" signature="openapp()[pri:0, instance:Script.Mensmenu@742aa2]" name="openapp" is-config="true" duration-ms="20238" started-at="2018-10-03T07:08:04Z" finished-at="2018-10-03T07:08:24Z">
          <reporter-output>
          </reporter-output>
        </test-method> <!-- openapp -->
        <test-method status="PASS" signature="mensmenu()[pri:0, instance:Script.Mensmenu@742aa2]" name="mensmenu" duration-ms="44210" started-at="2018-10-03T07:08:24Z" finished-at="2018-10-03T07:09:09Z">
          <reporter-output>
          </reporter-output>
        </test-method> <!-- mensmenu -->
      </class> <!-- Script.Mensmenu -->
      <class name="Script.Invalidlogin">
        <test-method status="PASS" signature="openapp()[pri:0, instance:Script.Invalidlogin@187f14]" name="openapp" is-config="true" duration-ms="45252" started-at="2018-10-03T07:16:01Z" finished-at="2018-10-03T07:16:46Z">
          <reporter-output>
          </reporter-output>
        </test-method> <!-- openapp -->
        <test-method status="PASS" signature="invalid()[pri:0, instance:Script.Invalidlogin@187f14]" name="invalid" duration-ms="40008" started-at="2018-10-03T07:16:46Z" finished-at="2018-10-03T07:17:26Z">
          <reporter-output>
          </reporter-output>
        </test-method> <!-- invalid -->
      </class> <!-- Script.Invalidlogin -->
      <class name="Script.addtobag">
        <test-method status="PASS" signature="openapp()[pri:0, instance:Script.addtobag@170d1b1]" name="openapp" is-config="true" duration-ms="18680" started-at="2018-10-03T07:07:14Z" finished-at="2018-10-03T07:07:33Z">
          <reporter-output>
          </reporter-output>
        </test-method> <!-- openapp -->
        <test-method status="PASS" signature="ac()[pri:0, instance:Script.addtobag@170d1b1]" name="ac" duration-ms="31162" started-at="2018-10-03T07:07:33Z" finished-at="2018-10-03T07:08:04Z">
          <reporter-output>
          </reporter-output>
        </test-method> <!-- ac -->
      </class> <!-- Script.addtobag -->
      <class name="Script.Validlogin">
        <test-method status="PASS" signature="openapp()[pri:0, instance:Script.Validlogin@7f6b8c]" name="openapp" is-config="true" duration-ms="15991" started-at="2018-10-03T07:15:15Z" finished-at="2018-10-03T07:15:31Z">
          <reporter-output>
          </reporter-output>
        </test-method> <!-- openapp -->
        <test-method status="PASS" signature="validlogin()[pri:0, instance:Script.Validlogin@7f6b8c]" name="validlogin" duration-ms="29683" started-at="2018-10-03T07:15:31Z" finished-at="2018-10-03T07:16:01Z">
          <reporter-output>
          </reporter-output>
        </test-method> <!-- validlogin -->
      </class> <!-- Script.Validlogin -->
      <class name="Script.Wishlist">
        <test-method status="PASS" signature="openapp()[pri:0, instance:Script.Wishlist@2d773b]" name="openapp" is-config="true" duration-ms="16500" started-at="2018-10-03T07:13:31Z" finished-at="2018-10-03T07:13:47Z">
          <reporter-output>
          </reporter-output>
        </test-method> <!-- openapp -->
        <test-method status="PASS" signature="wishlist()[pri:0, instance:Script.Wishlist@2d773b]" name="wishlist" duration-ms="32432" started-at="2018-10-03T07:13:47Z" finished-at="2018-10-03T07:14:20Z">
          <reporter-output>
          </reporter-output>
        </test-method> <!-- wishlist -->
      </class> <!-- Script.Wishlist -->
      <class name="Script.Searchproduct">
        <test-method status="PASS" signature="openapp()[pri:0, instance:Script.Searchproduct@b1ffe6]" name="openapp" is-config="true" duration-ms="20533" started-at="2018-10-03T07:09:09Z" finished-at="2018-10-03T07:09:29Z">
          <reporter-output>
          </reporter-output>
        </test-method> <!-- openapp -->
        <test-method status="PASS" signature="searchproduct()[pri:0, instance:Script.Searchproduct@b1ffe6]" name="searchproduct" duration-ms="44668" started-at="2018-10-03T07:09:29Z" finished-at="2018-10-03T07:10:14Z">
          <reporter-output>
          </reporter-output>
        </test-method> <!-- searchproduct -->
      </class> <!-- Script.Searchproduct -->
      <class name="Script.Bag">
        <test-method status="PASS" signature="openapp()[pri:0, instance:Script.Bag@556333]" name="openapp" is-config="true" duration-ms="21910" started-at="2018-10-03T07:06:15Z" finished-at="2018-10-03T07:06:37Z">
          <reporter-output>
          </reporter-output>
        </test-method> <!-- openapp -->
        <test-method status="PASS" signature="bag()[pri:0, instance:Script.Bag@556333]" name="bag" duration-ms="37424" started-at="2018-10-03T07:06:37Z" finished-at="2018-10-03T07:07:14Z">
          <reporter-output>
          </reporter-output>
        </test-method> <!-- bag -->
      </class> <!-- Script.Bag -->
      <class name="Script.Removewishlist">
        <test-method status="PASS" signature="openapp()[pri:0, instance:Script.Removewishlist@173f6d9]" name="openapp" is-config="true" duration-ms="21824" started-at="2018-10-03T07:14:20Z" finished-at="2018-10-03T07:14:42Z">
          <reporter-output>
          </reporter-output>
        </test-method> <!-- openapp -->
        <test-method status="FAIL" signature="removewishlist()[pri:0, instance:Script.Removewishlist@173f6d9]" name="removewishlist" duration-ms="33504" started-at="2018-10-03T07:14:42Z" finished-at="2018-10-03T07:15:15Z">
          <exception class="org.openqa.selenium.NoSuchElementException">
            <message>
              <![CDATA[no such element: Unable to locate element: {"method":"xpath","selector":"//p[.='MOVE TO WISHLIST ']"}
  (Session info: chrome=69.0.3497.100)
  (Driver info: chromedriver=2.40.565498 (ea082db3280dd6843ebfb08a625e3eb905c4f5ab),platform=Windows NT 6.3.9600 x86_64) (WARNING: The server did not provide any stacktrace information)
Command duration or timeout: 0 milliseconds
For documentation on this error, please visit: http://seleniumhq.org/exceptions/no_such_element.html
Build info: version: '3.14.0', revision: 'aacccce0', time: '2018-08-02T20:13:22.693Z'
System info: host: 'ADITHYA', ip: '192.168.43.249', os.name: 'Windows 8.1', os.arch: 'x86', os.version: '6.3', java.version: '1.8.0_181'
Driver info: org.openqa.selenium.chrome.ChromeDriver
Capabilities {acceptInsecureCerts: false, acceptSslCerts: false, applicationCacheEnabled: false, browserConnectionEnabled: false, browserName: chrome, chrome: {chromedriverVersion: 2.40.565498 (ea082db3280dd6..., userDataDir: C:\Users\PUNDU_~1\AppData\L...}, cssSelectorsEnabled: true, databaseEnabled: false, handlesAlerts: true, hasTouchScreen: false, javascriptEnabled: true, locationContextEnabled: true, mobileEmulationEnabled: false, nativeEvents: true, networkConnectionEnabled: false, pageLoadStrategy: normal, platform: XP, platformName: XP, rotatable: false, setWindowRect: true, takesHeapSnapshot: true, takesScreenshot: true, unexpectedAlertBehaviour: , unhandledPromptBehavior: , version: 69.0.3497.100, webStorageEnabled: true}
Session ID: 9538c68d552013283c07deb4e5219c2d
*** Element info: {Using=xpath, value=//p[.='MOVE TO WISHLIST ']}]]>
            </message>
            <full-stacktrace>
              <![CDATA[org.openqa.selenium.NoSuchElementException: no such element: Unable to locate element: {"method":"xpath","selector":"//p[.='MOVE TO WISHLIST ']"}
  (Session info: chrome=69.0.3497.100)
  (Driver info: chromedriver=2.40.565498 (ea082db3280dd6843ebfb08a625e3eb905c4f5ab),platform=Windows NT 6.3.9600 x86_64) (WARNING: The server did not provide any stacktrace information)
Command duration or timeout: 0 milliseconds
For documentation on this error, please visit: http://seleniumhq.org/exceptions/no_such_element.html
Build info: version: '3.14.0', revision: 'aacccce0', time: '2018-08-02T20:13:22.693Z'
System info: host: 'ADITHYA', ip: '192.168.43.249', os.name: 'Windows 8.1', os.arch: 'x86', os.version: '6.3', java.version: '1.8.0_181'
Driver info: org.openqa.selenium.chrome.ChromeDriver
Capabilities {acceptInsecureCerts: false, acceptSslCerts: false, applicationCacheEnabled: false, browserConnectionEnabled: false, browserName: chrome, chrome: {chromedriverVersion: 2.40.565498 (ea082db3280dd6..., userDataDir: C:\Users\PUNDU_~1\AppData\L...}, cssSelectorsEnabled: true, databaseEnabled: false, handlesAlerts: true, hasTouchScreen: false, javascriptEnabled: true, locationContextEnabled: true, mobileEmulationEnabled: false, nativeEvents: true, networkConnectionEnabled: false, pageLoadStrategy: normal, platform: XP, platformName: XP, rotatable: false, setWindowRect: true, takesHeapSnapshot: true, takesScreenshot: true, unexpectedAlertBehaviour: , unhandledPromptBehavior: , version: 69.0.3497.100, webStorageEnabled: true}
Session ID: 9538c68d552013283c07deb4e5219c2d
*** Element info: {Using=xpath, value=//p[.='MOVE TO WISHLIST ']}
at sun.reflect.NativeConstructorAccessorImpl.newInstance0(Native Method)
at sun.reflect.NativeConstructorAccessorImpl.newInstance(Unknown Source)
at sun.reflect.DelegatingConstructorAccessorImpl.newInstance(Unknown Source)
at java.lang.reflect.Constructor.newInstance(Unknown Source)
at org.openqa.selenium.remote.ErrorHandler.createThrowable(ErrorHandler.java:214)
at org.openqa.selenium.remote.ErrorHandler.throwIfResponseFailed(ErrorHandler.java:166)
at org.openqa.selenium.remote.http.JsonHttpResponseCodec.reconstructValue(JsonHttpResponseCodec.java:40)
at org.openqa.selenium.remote.http.AbstractHttpResponseCodec.decode(AbstractHttpResponseCodec.java:80)
at org.openqa.selenium.remote.http.AbstractHttpResponseCodec.decode(AbstractHttpResponseCodec.java:44)
at org.openqa.selenium.remote.HttpCommandExecutor.execute(HttpCommandExecutor.java:158)
at org.openqa.selenium.remote.service.DriverCommandExecutor.execute(DriverCommandExecutor.java:83)
at org.openqa.selenium.remote.RemoteWebDriver.execute(RemoteWebDriver.java:548)
at org.openqa.selenium.remote.RemoteWebDriver.findElement(RemoteWebDriver.java:322)
at org.openqa.selenium.remote.RemoteWebDriver.findElementByXPath(RemoteWebDriver.java:424)
at org.openqa.selenium.By$ByXPath.findElement(By.java:353)
at org.openqa.selenium.remote.RemoteWebDriver.findElement(RemoteWebDriver.java:314)
at org.openqa.selenium.support.pagefactory.DefaultElementLocator.findElement(DefaultElementLocator.java:69)
at org.openqa.selenium.support.pagefactory.internal.LocatingElementHandler.invoke(LocatingElementHandler.java:38)
at com.sun.proxy.$Proxy8.click(Unknown Source)
at pom.Bagpage.proceed(Bagpage.java:18)
at Script.Removewishlist.removewishlist(Removewishlist.java:38)
at sun.reflect.NativeMethodAccessorImpl.invoke0(Native Method)
at sun.reflect.NativeMethodAccessorImpl.invoke(Unknown Source)
at sun.reflect.DelegatingMethodAccessorImpl.invoke(Unknown Source)
at java.lang.reflect.Method.invoke(Unknown Source)
at org.testng.internal.MethodInvocationHelper.invokeMethod(MethodInvocationHelper.java:124)
at org.testng.internal.Invoker.invokeMethod(Invoker.java:580)
at org.testng.internal.Invoker.invokeTestMethod(Invoker.java:716)
at org.testng.internal.Invoker.invokeTestMethods(Invoker.java:988)
at org.testng.internal.TestMethodWorker.invokeTestMethods(TestMethodWorker.java:125)
at org.testng.internal.TestMethodWorker.run(TestMethodWorker.java:109)
at org.testng.TestRunner.privateRun(TestRunner.java:648)
at org.testng.TestRunner.run(TestRunner.java:505)
at org.testng.SuiteRunner.runTest(SuiteRunner.java:455)
at org.testng.SuiteRunner.runSequentially(SuiteRunner.java:450)
at org.testng.SuiteRunner.privateRun(SuiteRunner.java:415)
at org.testng.SuiteRunner.run(SuiteRunner.java:364)
at org.testng.SuiteRunnerWorker.runSuite(SuiteRunnerWorker.java:52)
at org.testng.SuiteRunnerWorker.run(SuiteRunnerWorker.java:84)
at org.testng.TestNG.runSuitesSequentially(TestNG.java:1208)
at org.testng.TestNG.runSuitesLocally(TestNG.java:1137)
at org.testng.TestNG.runSuites(TestNG.java:1049)
at org.testng.TestNG.run(TestNG.java:1017)
at org.testng.remote.AbstractRemoteTestNG.run(AbstractRemoteTestNG.java:114)
at org.testng.remote.RemoteTestNG.initAndRun(RemoteTestNG.java:251)
at org.testng.remote.RemoteTestNG.main(RemoteTestNG.java:77)
]]>
            </full-stacktrace>
          </exception> <!-- org.openqa.selenium.NoSuchElementException -->
          <reporter-output>
          </reporter-output>
        </test-method> <!-- removewishlist -->
      </class> <!-- Script.Removewishlist -->
      <class name="Script.Trackorder">
        <test-method status="PASS" signature="openapp()[pri:0, instance:Script.Trackorder@150efb8]" name="openapp" is-config="true" duration-ms="26597" started-at="2018-10-03T07:12:30Z" finished-at="2018-10-03T07:12:56Z">
          <reporter-output>
          </reporter-output>
        </test-method> <!-- openapp -->
        <test-method status="PASS" signature="trackorder()[pri:0, instance:Script.Trackorder@150efb8]" name="trackorder" duration-ms="34604" started-at="2018-10-03T07:12:56Z" finished-at="2018-10-03T07:13:31Z">
          <reporter-output>
          </reporter-output>
        </test-method> <!-- trackorder -->
      </class> <!-- Script.Trackorder -->
    </test> <!-- Test -->
  </suite> <!-- Suite -->
</testng-results>
